<?xml version="1.0" encoding="UTF-8"?>
<!-- Generated by org.testng.reporters.JUnitReportReporter -->
<testsuite hostname="DESKTOP-NLBR2BS" failures="0" tests="1" name="pages.VerCarrito" time="22.528" errors="0" timestamp="2024-02-29T00:04:41 CLST" skipped="0">
  <testcase classname="pages.VerCarrito" name="VerItem" time="22.528"/>
</testsuite> <!-- pages.VerCarrito -->
