<?xml version="1.0" encoding="UTF-8"?>
<!-- Generated by org.testng.reporters.JUnitReportReporter -->
<testsuite hostname="DESKTOP-NLBR2BS" failures="0" tests="1" name="pages.Registro" time="15.275" errors="0" timestamp="2024-02-28T19:31:52 CLST" skipped="0">
  <testcase classname="pages.Registro" name="RegistroUsuario" time="15.275"/>
</testsuite> <!-- pages.Registro -->
